<?xml version="1.0" encoding="UTF-8"?>
<!-- Generated by org.testng.reporters.JUnitXMLReporter -->
<testsuite hostname="HL202420" ignored="2" name="Test" tests="2" failures="1" timestamp="05 Nov 2018 20:27:11 GMT" time="7.456" errors="0">
  <testcase name="verifyLandingPage" time="1.098" classname="net.countryfinancial.imis.SelectStateTests"/>
  <testcase name="enterLoginDetails" time="0.521" classname="net.countryfinancial.imis.LoginTests">
    <failure type="java.lang.NullPointerException">
      <![CDATA[java.lang.NullPointerException
at net.countryfianancial.imis.LoginPage.enterUsername(LoginPage.java:21)
at net.countryfinancial.imis.LoginTests.enterLoginDetails(LoginTests.java:28)
... Removed 25 stack frames]]>
    </failure>
  </testcase> <!-- enterLoginDetails -->
  <testcase name="@AfterTest closeApplication" time="0.0" classname="utilities.BaseClass">
    <ignored/>
  </testcase> <!-- @AfterTest closeApplication -->
  <testcase name="@BeforeTest openApplication" time="0.0" classname="utilities.BaseClass">
    <ignored/>
  </testcase> <!-- @BeforeTest openApplication -->
</testsuite> <!-- Test -->
