<?xml version="1.0" encoding="UTF-8"?>
<testng-results skipped="0" failed="1" ignored="2" total="4" passed="1">
  <reporter-output>
    <line>
      <![CDATA[=== IE Browser Session Started ===]]>
    </line>
    <line>
      <![CDATA[=== Application Started ===]]>
    </line>
    <line>
      <![CDATA[=== Waiting for Login page ===]]>
    </line>
    <line>
      <![CDATA[=== Enter username ===]]>
    </line>
    <line>
      <![CDATA[nidhijusta@gmail.com]]>
    </line>
    <line>
      <![CDATA[=== Enter Password ===]]>
    </line>
    <line>
      <![CDATA[FBFlower*87]]>
    </line>
    <line>
      <![CDATA[=== Browser Session Ended ===]]>
    </line>
  </reporter-output>
  <suite name="Suite" duration-ms="6052" started-at="2018-11-08T22:38:17Z" finished-at="2018-11-08T22:38:24Z">
    <groups>
    </groups>
    <test name="Test" duration-ms="6052" started-at="2018-11-08T22:38:17Z" finished-at="2018-11-08T22:38:24Z">
      <class name="com.facebook.LogoutTests">
        <test-method status="FAIL" signature="applicationLogout()[pri:0, instance:com.facebook.LogoutTests@115b42e]" name="applicationLogout" duration-ms="77" started-at="2018-11-08T22:38:23Z" finished-at="2018-11-08T22:38:24Z">
          <exception class="org.openqa.selenium.NoSuchWindowException">
            <message>
              <![CDATA[Unable to find element on closed window (WARNING: The server did not provide any stacktrace information)
Command duration or timeout: 0 milliseconds
Build info: version: '3.14.0', revision: 'aacccce0', time: '2018-08-02T20:19:58.91Z'
System info: host: 'HL202420', ip: '192.168.0.29', os.name: 'Windows 7', os.arch: 'x86', os.version: '6.1', java.version: '1.8.0_171'
Driver info: org.openqa.selenium.ie.InternetExplorerDriver
Capabilities {browserName: internet explorer, javascriptEnabled: true, pageLoadStrategy: normal, platform: WINDOWS, platformName: WINDOWS, se:ieOptions: {browserAttachTimeout: 0, elementScrollBehavior: 0, enableElementCacheCleanup: true, enablePersistentHover: true, ie.browserCommandLineSwitches: , ie.enableFullPageScreenshot: true, ie.ensureCleanSession: false, ie.fileUploadDialogTimeout: 3000, ie.forceCreateProcessApi: false, ie.forceShellWindowsApi: false, ie.useLegacyFileUploadDialogHandling: false, ignoreProtectedModeSettings: false, ignoreZoomSetting: false, initialBrowserUrl: http://localhost:39596/, nativeEvents: true, requireWindowFocus: false}, unexpectedAlertBehaviour: dismiss, unhandledPromptBehavior: dismiss, version: 11}
Session ID: 4e59de02-9076-46cc-b3c0-cd9264c6ba52
*** Element info: {Using=id, value=userNavigationLabel}]]>
            </message>
            <full-stacktrace>
              <![CDATA[org.openqa.selenium.NoSuchWindowException: Unable to find element on closed window (WARNING: The server did not provide any stacktrace information)
Command duration or timeout: 0 milliseconds
Build info: version: '3.14.0', revision: 'aacccce0', time: '2018-08-02T20:19:58.91Z'
System info: host: 'HL202420', ip: '192.168.0.29', os.name: 'Windows 7', os.arch: 'x86', os.version: '6.1', java.version: '1.8.0_171'
Driver info: org.openqa.selenium.ie.InternetExplorerDriver
Capabilities {browserName: internet explorer, javascriptEnabled: true, pageLoadStrategy: normal, platform: WINDOWS, platformName: WINDOWS, se:ieOptions: {browserAttachTimeout: 0, elementScrollBehavior: 0, enableElementCacheCleanup: true, enablePersistentHover: true, ie.browserCommandLineSwitches: , ie.enableFullPageScreenshot: true, ie.ensureCleanSession: false, ie.fileUploadDialogTimeout: 3000, ie.forceCreateProcessApi: false, ie.forceShellWindowsApi: false, ie.useLegacyFileUploadDialogHandling: false, ignoreProtectedModeSettings: false, ignoreZoomSetting: false, initialBrowserUrl: http://localhost:39596/, nativeEvents: true, requireWindowFocus: false}, unexpectedAlertBehaviour: dismiss, unhandledPromptBehavior: dismiss, version: 11}
Session ID: 4e59de02-9076-46cc-b3c0-cd9264c6ba52
*** Element info: {Using=id, value=userNavigationLabel}
at sun.reflect.NativeConstructorAccessorImpl.newInstance0(Native Method)
at sun.reflect.NativeConstructorAccessorImpl.newInstance(Unknown Source)
at sun.reflect.DelegatingConstructorAccessorImpl.newInstance(Unknown Source)
at java.lang.reflect.Constructor.newInstance(Unknown Source)
at org.openqa.selenium.remote.ErrorHandler.createThrowable(ErrorHandler.java:214)
at org.openqa.selenium.remote.ErrorHandler.throwIfResponseFailed(ErrorHandler.java:166)
at org.openqa.selenium.remote.http.JsonHttpResponseCodec.reconstructValue(JsonHttpResponseCodec.java:40)
at org.openqa.selenium.remote.http.AbstractHttpResponseCodec.decode(AbstractHttpResponseCodec.java:80)
at org.openqa.selenium.remote.http.AbstractHttpResponseCodec.decode(AbstractHttpResponseCodec.java:44)
at org.openqa.selenium.remote.HttpCommandExecutor.execute(HttpCommandExecutor.java:158)
at org.openqa.selenium.remote.service.DriverCommandExecutor.execute(DriverCommandExecutor.java:83)
at org.openqa.selenium.remote.RemoteWebDriver.execute(RemoteWebDriver.java:548)
at org.openqa.selenium.remote.RemoteWebDriver.findElement(RemoteWebDriver.java:322)
at org.openqa.selenium.remote.RemoteWebDriver.findElementById(RemoteWebDriver.java:368)
at org.openqa.selenium.By$ById.findElement(By.java:188)
at org.openqa.selenium.remote.RemoteWebDriver.findElement(RemoteWebDriver.java:314)
at com.facebook.AccountSettingsPage.clickAccountSettings(AccountSettingsPage.java:25)
at com.facebook.LogoutTests.applicationLogout(LogoutTests.java:11)
at sun.reflect.NativeMethodAccessorImpl.invoke0(Native Method)
at sun.reflect.NativeMethodAccessorImpl.invoke(Unknown Source)
at sun.reflect.DelegatingMethodAccessorImpl.invoke(Unknown Source)
at java.lang.reflect.Method.invoke(Unknown Source)
at org.testng.internal.MethodInvocationHelper.invokeMethod(MethodInvocationHelper.java:124)
at org.testng.internal.Invoker.invokeMethod(Invoker.java:583)
at org.testng.internal.Invoker.invokeTestMethod(Invoker.java:719)
at org.testng.internal.Invoker.invokeTestMethods(Invoker.java:989)
at org.testng.internal.TestMethodWorker.invokeTestMethods(TestMethodWorker.java:125)
at org.testng.internal.TestMethodWorker.run(TestMethodWorker.java:109)
at org.testng.TestRunner.privateRun(TestRunner.java:648)
at org.testng.TestRunner.run(TestRunner.java:505)
at org.testng.SuiteRunner.runTest(SuiteRunner.java:455)
at org.testng.SuiteRunner.runSequentially(SuiteRunner.java:450)
at org.testng.SuiteRunner.privateRun(SuiteRunner.java:415)
at org.testng.SuiteRunner.run(SuiteRunner.java:364)
at org.testng.SuiteRunnerWorker.runSuite(SuiteRunnerWorker.java:52)
at org.testng.SuiteRunnerWorker.run(SuiteRunnerWorker.java:84)
at org.testng.TestNG.runSuitesSequentially(TestNG.java:1208)
at org.testng.TestNG.runSuitesLocally(TestNG.java:1137)
at org.testng.TestNG.runSuites(TestNG.java:1049)
at org.testng.TestNG.run(TestNG.java:1017)
at org.apache.maven.surefire.testng.TestNGExecutor.run(TestNGExecutor.java:177)
at org.apache.maven.surefire.testng.TestNGXmlTestSuite.execute(TestNGXmlTestSuite.java:92)
at org.apache.maven.surefire.testng.TestNGProvider.invoke(TestNGProvider.java:105)
at sun.reflect.NativeMethodAccessorImpl.invoke0(Native Method)
at sun.reflect.NativeMethodAccessorImpl.invoke(Unknown Source)
at sun.reflect.DelegatingMethodAccessorImpl.invoke(Unknown Source)
at java.lang.reflect.Method.invoke(Unknown Source)
at org.apache.maven.surefire.util.ReflectionUtils.invokeMethodWithArray(ReflectionUtils.java:189)
at org.apache.maven.surefire.booter.ProviderFactory$ProviderProxy.invoke(ProviderFactory.java:165)
at org.apache.maven.surefire.booter.ProviderFactory.invokeProvider(ProviderFactory.java:85)
at org.apache.maven.surefire.booter.ForkedBooter.runSuitesInProcess(ForkedBooter.java:103)
at org.apache.maven.surefire.booter.ForkedBooter.main(ForkedBooter.java:74)
]]>
            </full-stacktrace>
          </exception> <!-- org.openqa.selenium.NoSuchWindowException -->
          <reporter-output>
          </reporter-output>
        </test-method> <!-- applicationLogout -->
      </class> <!-- com.facebook.LogoutTests -->
      <class name="com.facebook.LoginTests">
        <test-method status="PASS" signature="openApplication()[pri:0, instance:com.facebook.LoginTests@43840]" name="openApplication" is-config="true" duration-ms="16982" started-at="2018-11-08T22:38:00Z" finished-at="2018-11-08T22:38:17Z">
          <reporter-output>
            <line>
              <![CDATA[=== IE Browser Session Started ===]]>
            </line>
            <line>
              <![CDATA[=== Application Started ===]]>
            </line>
          </reporter-output>
        </test-method> <!-- openApplication -->
        <test-method status="PASS" signature="enterLoginDetails_Invalid()[pri:0, instance:com.facebook.LoginTests@43840]" name="enterLoginDetails_Invalid" duration-ms="5953" started-at="2018-11-08T22:38:17Z" finished-at="2018-11-08T22:38:23Z">
          <reporter-output>
            <line>
              <![CDATA[=== Waiting for Login page ===]]>
            </line>
            <line>
              <![CDATA[=== Enter username ===]]>
            </line>
            <line>
              <![CDATA[nidhijusta@gmail.com]]>
            </line>
            <line>
              <![CDATA[=== Enter Password ===]]>
            </line>
            <line>
              <![CDATA[FBFlower*87]]>
            </line>
          </reporter-output>
        </test-method> <!-- enterLoginDetails_Invalid -->
        <test-method status="PASS" signature="closeApplication()[pri:0, instance:com.facebook.LoginTests@43840]" name="closeApplication" is-config="true" duration-ms="542" started-at="2018-11-08T22:38:24Z" finished-at="2018-11-08T22:38:24Z">
          <reporter-output>
            <line>
              <![CDATA[=== Browser Session Ended ===]]>
            </line>
          </reporter-output>
        </test-method> <!-- closeApplication -->
      </class> <!-- com.facebook.LoginTests -->
    </test> <!-- Test -->
  </suite> <!-- Suite -->
</testng-results>
