<?xml version="1.0" encoding="UTF-8" ?>
<testsuite tests="2" failures="1" name="TestSuite" time="6.033" errors="0" skipped="0">
  <properties>
[...]
</properties>
  <testcase classname="com.facebook.LoginTests" name="enterLoginDetails_Invalid" time="5.953"/>
  <testcase classname="com.facebook.LogoutTests" name="applicationLogout" time="0.08">
    <failure message="Unable to find element on closed window (WARNING: The server did not provide any stacktrace information)
Command duration or timeout: 0 milliseconds
Build info: version: &apos;3.14.0&apos;, revision: &apos;aacccce0&apos;, time: &apos;2018-08-02T20:19:58.91Z&apos;
System info: host: &apos;HL202420&apos;, ip: &apos;192.168.0.29&apos;, os.name: &apos;Windows 7&apos;, os.arch: &apos;x86&apos;, os.version: &apos;6.1&apos;, java.version: &apos;1.8.0_171&apos;
Driver info: org.openqa.selenium.ie.InternetExplorerDriver
Capabilities {browserName: internet explorer, javascriptEnabled: true, pageLoadStrategy: normal, platform: WINDOWS, platformName: WINDOWS, se:ieOptions: {browserAttachTimeout: 0, elementScrollBehavior: 0, enableElementCacheCleanup: true, enablePersistentHover: true, ie.browserCommandLineSwitches: , ie.enableFullPageScreenshot: true, ie.ensureCleanSession: false, ie.fileUploadDialogTimeout: 3000, ie.forceCreateProcessApi: false, ie.forceShellWindowsApi: false, ie.useLegacyFileUploadDialogHandling: false, ignoreProtectedModeSettings: false, ignoreZoomSetting: false, initialBrowserUrl: http://localhost:39596/, nativeEvents: true, requireWindowFocus: false}, unexpectedAlertBehaviour: dismiss, unhandledPromptBehavior: dismiss, version: 11}
Session ID: 4e59de02-9076-46cc-b3c0-cd9264c6ba52
*** Element info: {Using=id, value=userNavigationLabel}" type="org.openqa.selenium.NoSuchWindowException">org.openqa.selenium.NoSuchWindowException: Unable to find element on closed window (WARNING: The server did not provide any stacktrace information)
Command duration or timeout: 0 milliseconds
Build info: version: &apos;3.14.0&apos;, revision: &apos;aacccce0&apos;, time: &apos;2018-08-02T20:19:58.91Z&apos;
System info: host: &apos;HL202420&apos;, ip: &apos;192.168.0.29&apos;, os.name: &apos;Windows 7&apos;, os.arch: &apos;x86&apos;, os.version: &apos;6.1&apos;, java.version: &apos;1.8.0_171&apos;
Driver info: org.openqa.selenium.ie.InternetExplorerDriver
Capabilities {browserName: internet explorer, javascriptEnabled: true, pageLoadStrategy: normal, platform: WINDOWS, platformName: WINDOWS, se:ieOptions: {browserAttachTimeout: 0, elementScrollBehavior: 0, enableElementCacheCleanup: true, enablePersistentHover: true, ie.browserCommandLineSwitches: , ie.enableFullPageScreenshot: true, ie.ensureCleanSession: false, ie.fileUploadDialogTimeout: 3000, ie.forceCreateProcessApi: false, ie.forceShellWindowsApi: false, ie.useLegacyFileUploadDialogHandling: false, ignoreProtectedModeSettings: false, ignoreZoomSetting: false, initialBrowserUrl: http://localhost:39596/, nativeEvents: true, requireWindowFocus: false}, unexpectedAlertBehaviour: dismiss, unhandledPromptBehavior: dismiss, version: 11}
Session ID: 4e59de02-9076-46cc-b3c0-cd9264c6ba52
*** Element info: {Using=id, value=userNavigationLabel}
	at sun.reflect.NativeConstructorAccessorImpl.newInstance0(Native Method)
	at sun.reflect.NativeConstructorAccessorImpl.newInstance(Unknown Source)
	at sun.reflect.DelegatingConstructorAccessorImpl.newInstance(Unknown Source)
	at java.lang.reflect.Constructor.newInstance(Unknown Source)
	at org.openqa.selenium.remote.ErrorHandler.createThrowable(ErrorHandler.java:214)
	at org.openqa.selenium.remote.ErrorHandler.throwIfResponseFailed(ErrorHandler.java:166)
	at org.openqa.selenium.remote.http.JsonHttpResponseCodec.reconstructValue(JsonHttpResponseCodec.java:40)
	at org.openqa.selenium.remote.http.AbstractHttpResponseCodec.decode(AbstractHttpResponseCodec.java:80)
	at org.openqa.selenium.remote.http.AbstractHttpResponseCodec.decode(AbstractHttpResponseCodec.java:44)
	at org.openqa.selenium.remote.HttpCommandExecutor.execute(HttpCommandExecutor.java:158)
	at org.openqa.selenium.remote.service.DriverCommandExecutor.execute(DriverCommandExecutor.java:83)
	at org.openqa.selenium.remote.RemoteWebDriver.execute(RemoteWebDriver.java:548)
	at org.openqa.selenium.remote.RemoteWebDriver.findElement(RemoteWebDriver.java:322)
	at org.openqa.selenium.remote.RemoteWebDriver.findElementById(RemoteWebDriver.java:368)
	at org.openqa.selenium.By$ById.findElement(By.java:188)
	at org.openqa.selenium.remote.RemoteWebDriver.findElement(RemoteWebDriver.java:314)
	at com.facebook.AccountSettingsPage.clickAccountSettings(AccountSettingsPage.java:25)
	at com.facebook.LogoutTests.applicationLogout(LogoutTests.java:11)
</failure>
  </testcase>
</testsuite>